[INFO ] 2024-08-06 14:46:28,400 PetTests.testUpdateUserByName() - ************ Pet data Updated Successfully ***********************
[INFO ] 2024-08-06 14:46:28,413 PetTests.testDeleteUserByName() - ************ Deleting Pet ***********************
[INFO ] 2024-08-06 14:46:29,610 PetTests.testDeleteUserByName() - ************ Pet deleted Successfully ***********************
[INFO ] 2024-08-06 14:46:58,306 PetTests.testPostPet() - ************ Create Pet ***********************
[INFO ] 2024-08-06 14:47:01,535 PetTests.testPostPet() - ************ Pet created Successfully ***********************
[INFO ] 2024-08-06 14:47:01,575 PetTests.testGetPetById() - ************ Reading Pet ***********************
[INFO ] 2024-08-06 14:47:02,764 PetTests.testUpdateUserByName() - ************ Updating Pet ***********************
[INFO ] 2024-08-06 14:47:05,157 PetTests.testDeleteUserByName() - ************ Deleting Pet ***********************
[DEBUG] 2024-08-06 14:48:15,109 PackageRelationshipCollection.parseRelationshipsPart() - Parsing relationship: /xl/_rels/workbook.xml.rels
[DEBUG] 2024-08-06 14:48:15,123 PackageRelationshipCollection.parseRelationshipsPart() - Parsing relationship: /xl/worksheets/_rels/sheet1.xml.rels
[DEBUG] 2024-08-06 14:48:15,125 PackageRelationshipCollection.parseRelationshipsPart() - Parsing relationship: /_rels/.rels
[DEBUG] 2024-08-06 14:48:15,713 PackageRelationshipCollection.parseRelationshipsPart() - Parsing relationship: /xl/_rels/workbook.xml.rels
[DEBUG] 2024-08-06 14:48:15,714 PackageRelationshipCollection.parseRelationshipsPart() - Parsing relationship: /xl/worksheets/_rels/sheet1.xml.rels
[DEBUG] 2024-08-06 14:48:15,716 PackageRelationshipCollection.parseRelationshipsPart() - Parsing relationship: /_rels/.rels
[DEBUG] 2024-08-06 14:48:15,765 PackageRelationshipCollection.parseRelationshipsPart() - Parsing relationship: /xl/_rels/workbook.xml.rels
[DEBUG] 2024-08-06 14:48:15,767 PackageRelationshipCollection.parseRelationshipsPart() - Parsing relationship: /xl/worksheets/_rels/sheet1.xml.rels
[DEBUG] 2024-08-06 14:48:15,769 PackageRelationshipCollection.parseRelationshipsPart() - Parsing relationship: /_rels/.rels
[DEBUG] 2024-08-06 14:48:15,842 PackageRelationshipCollection.parseRelationshipsPart() - Parsing relationship: /xl/_rels/workbook.xml.rels
[DEBUG] 2024-08-06 14:48:15,845 PackageRelationshipCollection.parseRelationshipsPart() - Parsing relationship: /xl/worksheets/_rels/sheet1.xml.rels
[DEBUG] 2024-08-06 14:48:15,848 PackageRelationshipCollection.parseRelationshipsPart() - Parsing relationship: /_rels/.rels
[DEBUG] 2024-08-06 14:48:15,883 PackageRelationshipCollection.parseRelationshipsPart() - Parsing relationship: /xl/_rels/workbook.xml.rels
[DEBUG] 2024-08-06 14:48:15,884 PackageRelationshipCollection.parseRelationshipsPart() - Parsing relationship: /xl/worksheets/_rels/sheet1.xml.rels
[DEBUG] 2024-08-06 14:48:15,885 PackageRelationshipCollection.parseRelationshipsPart() - Parsing relationship: /_rels/.rels
[DEBUG] 2024-08-06 14:48:15,929 PackageRelationshipCollection.parseRelationshipsPart() - Parsing relationship: /xl/_rels/workbook.xml.rels
[DEBUG] 2024-08-06 14:48:15,931 PackageRelationshipCollection.parseRelationshipsPart() - Parsing relationship: /xl/worksheets/_rels/sheet1.xml.rels
[DEBUG] 2024-08-06 14:48:15,934 PackageRelationshipCollection.parseRelationshipsPart() - Parsing relationship: /_rels/.rels
[DEBUG] 2024-08-06 14:48:15,970 PackageRelationshipCollection.parseRelationshipsPart() - Parsing relationship: /xl/_rels/workbook.xml.rels
[DEBUG] 2024-08-06 14:48:15,971 PackageRelationshipCollection.parseRelationshipsPart() - Parsing relationship: /xl/worksheets/_rels/sheet1.xml.rels
[DEBUG] 2024-08-06 14:48:15,972 PackageRelationshipCollection.parseRelationshipsPart() - Parsing relationship: /_rels/.rels
[DEBUG] 2024-08-06 14:48:16,004 PackageRelationshipCollection.parseRelationshipsPart() - Parsing relationship: /xl/_rels/workbook.xml.rels
[DEBUG] 2024-08-06 14:48:16,005 PackageRelationshipCollection.parseRelationshipsPart() - Parsing relationship: /xl/worksheets/_rels/sheet1.xml.rels
[DEBUG] 2024-08-06 14:48:16,006 PackageRelationshipCollection.parseRelationshipsPart() - Parsing relationship: /_rels/.rels
[DEBUG] 2024-08-06 14:48:16,043 PackageRelationshipCollection.parseRelationshipsPart() - Parsing relationship: /xl/_rels/workbook.xml.rels
[DEBUG] 2024-08-06 14:48:16,044 PackageRelationshipCollection.parseRelationshipsPart() - Parsing relationship: /xl/worksheets/_rels/sheet1.xml.rels
[DEBUG] 2024-08-06 14:48:16,046 PackageRelationshipCollection.parseRelationshipsPart() - Parsing relationship: /_rels/.rels
[DEBUG] 2024-08-06 14:48:16,079 PackageRelationshipCollection.parseRelationshipsPart() - Parsing relationship: /xl/_rels/workbook.xml.rels
[DEBUG] 2024-08-06 14:48:16,080 PackageRelationshipCollection.parseRelationshipsPart() - Parsing relationship: /xl/worksheets/_rels/sheet1.xml.rels
[DEBUG] 2024-08-06 14:48:16,082 PackageRelationshipCollection.parseRelationshipsPart() - Parsing relationship: /_rels/.rels
[DEBUG] 2024-08-06 14:48:16,105 PackageRelationshipCollection.parseRelationshipsPart() - Parsing relationship: /xl/_rels/workbook.xml.rels
[DEBUG] 2024-08-06 14:48:16,108 PackageRelationshipCollection.parseRelationshipsPart() - Parsing relationship: /xl/worksheets/_rels/sheet1.xml.rels
[DEBUG] 2024-08-06 14:48:16,109 PackageRelationshipCollection.parseRelationshipsPart() - Parsing relationship: /_rels/.rels
[DEBUG] 2024-08-06 14:48:16,133 PackageRelationshipCollection.parseRelationshipsPart() - Parsing relationship: /xl/_rels/workbook.xml.rels
[DEBUG] 2024-08-06 14:48:16,135 PackageRelationshipCollection.parseRelationshipsPart() - Parsing relationship: /xl/worksheets/_rels/sheet1.xml.rels
[DEBUG] 2024-08-06 14:48:16,136 PackageRelationshipCollection.parseRelationshipsPart() - Parsing relationship: /_rels/.rels
[DEBUG] 2024-08-06 14:48:16,165 PackageRelationshipCollection.parseRelationshipsPart() - Parsing relationship: /xl/_rels/workbook.xml.rels
[DEBUG] 2024-08-06 14:48:16,167 PackageRelationshipCollection.parseRelationshipsPart() - Parsing relationship: /xl/worksheets/_rels/sheet1.xml.rels
[DEBUG] 2024-08-06 14:48:16,169 PackageRelationshipCollection.parseRelationshipsPart() - Parsing relationship: /_rels/.rels
[DEBUG] 2024-08-06 14:48:16,193 PackageRelationshipCollection.parseRelationshipsPart() - Parsing relationship: /xl/_rels/workbook.xml.rels
[DEBUG] 2024-08-06 14:48:16,194 PackageRelationshipCollection.parseRelationshipsPart() - Parsing relationship: /xl/worksheets/_rels/sheet1.xml.rels
[DEBUG] 2024-08-06 14:48:16,195 PackageRelationshipCollection.parseRelationshipsPart() - Parsing relationship: /_rels/.rels
[DEBUG] 2024-08-06 14:48:16,217 PackageRelationshipCollection.parseRelationshipsPart() - Parsing relationship: /xl/_rels/workbook.xml.rels
[DEBUG] 2024-08-06 14:48:16,218 PackageRelationshipCollection.parseRelationshipsPart() - Parsing relationship: /xl/worksheets/_rels/sheet1.xml.rels
[DEBUG] 2024-08-06 14:48:16,219 PackageRelationshipCollection.parseRelationshipsPart() - Parsing relationship: /_rels/.rels
[DEBUG] 2024-08-06 14:48:16,241 PackageRelationshipCollection.parseRelationshipsPart() - Parsing relationship: /xl/_rels/workbook.xml.rels
[DEBUG] 2024-08-06 14:48:16,244 PackageRelationshipCollection.parseRelationshipsPart() - Parsing relationship: /xl/worksheets/_rels/sheet1.xml.rels
[DEBUG] 2024-08-06 14:48:16,245 PackageRelationshipCollection.parseRelationshipsPart() - Parsing relationship: /_rels/.rels
[DEBUG] 2024-08-06 14:48:16,277 PackageRelationshipCollection.parseRelationshipsPart() - Parsing relationship: /xl/_rels/workbook.xml.rels
[DEBUG] 2024-08-06 14:48:16,279 PackageRelationshipCollection.parseRelationshipsPart() - Parsing relationship: /xl/worksheets/_rels/sheet1.xml.rels
[DEBUG] 2024-08-06 14:48:16,280 PackageRelationshipCollection.parseRelationshipsPart() - Parsing relationship: /_rels/.rels
[DEBUG] 2024-08-06 14:48:16,304 PackageRelationshipCollection.parseRelationshipsPart() - Parsing relationship: /xl/_rels/workbook.xml.rels
[DEBUG] 2024-08-06 14:48:16,305 PackageRelationshipCollection.parseRelationshipsPart() - Parsing relationship: /xl/worksheets/_rels/sheet1.xml.rels
[DEBUG] 2024-08-06 14:48:16,306 PackageRelationshipCollection.parseRelationshipsPart() - Parsing relationship: /_rels/.rels
[DEBUG] 2024-08-06 14:48:16,326 PackageRelationshipCollection.parseRelationshipsPart() - Parsing relationship: /xl/_rels/workbook.xml.rels
[DEBUG] 2024-08-06 14:48:16,327 PackageRelationshipCollection.parseRelationshipsPart() - Parsing relationship: /xl/worksheets/_rels/sheet1.xml.rels
[DEBUG] 2024-08-06 14:48:16,328 PackageRelationshipCollection.parseRelationshipsPart() - Parsing relationship: /_rels/.rels
[DEBUG] 2024-08-06 14:48:16,350 PackageRelationshipCollection.parseRelationshipsPart() - Parsing relationship: /xl/_rels/workbook.xml.rels
[DEBUG] 2024-08-06 14:48:16,352 PackageRelationshipCollection.parseRelationshipsPart() - Parsing relationship: /xl/worksheets/_rels/sheet1.xml.rels
[DEBUG] 2024-08-06 14:48:16,353 PackageRelationshipCollection.parseRelationshipsPart() - Parsing relationship: /_rels/.rels
[DEBUG] 2024-08-06 14:48:16,377 PackageRelationshipCollection.parseRelationshipsPart() - Parsing relationship: /xl/_rels/workbook.xml.rels
[DEBUG] 2024-08-06 14:48:16,378 PackageRelationshipCollection.parseRelationshipsPart() - Parsing relationship: /xl/worksheets/_rels/sheet1.xml.rels
[DEBUG] 2024-08-06 14:48:16,380 PackageRelationshipCollection.parseRelationshipsPart() - Parsing relationship: /_rels/.rels
[DEBUG] 2024-08-06 14:48:16,402 PackageRelationshipCollection.parseRelationshipsPart() - Parsing relationship: /xl/_rels/workbook.xml.rels
[DEBUG] 2024-08-06 14:48:16,403 PackageRelationshipCollection.parseRelationshipsPart() - Parsing relationship: /xl/worksheets/_rels/sheet1.xml.rels
[DEBUG] 2024-08-06 14:48:16,404 PackageRelationshipCollection.parseRelationshipsPart() - Parsing relationship: /_rels/.rels
[DEBUG] 2024-08-06 14:48:16,425 PackageRelationshipCollection.parseRelationshipsPart() - Parsing relationship: /xl/_rels/workbook.xml.rels
[DEBUG] 2024-08-06 14:48:16,426 PackageRelationshipCollection.parseRelationshipsPart() - Parsing relationship: /xl/worksheets/_rels/sheet1.xml.rels
[DEBUG] 2024-08-06 14:48:16,426 PackageRelationshipCollection.parseRelationshipsPart() - Parsing relationship: /_rels/.rels
[DEBUG] 2024-08-06 14:48:16,451 PackageRelationshipCollection.parseRelationshipsPart() - Parsing relationship: /xl/_rels/workbook.xml.rels
[DEBUG] 2024-08-06 14:48:16,453 PackageRelationshipCollection.parseRelationshipsPart() - Parsing relationship: /xl/worksheets/_rels/sheet1.xml.rels
[DEBUG] 2024-08-06 14:48:16,455 PackageRelationshipCollection.parseRelationshipsPart() - Parsing relationship: /_rels/.rels
[DEBUG] 2024-08-06 14:48:16,480 PackageRelationshipCollection.parseRelationshipsPart() - Parsing relationship: /xl/_rels/workbook.xml.rels
[DEBUG] 2024-08-06 14:48:16,481 PackageRelationshipCollection.parseRelationshipsPart() - Parsing relationship: /xl/worksheets/_rels/sheet1.xml.rels
[DEBUG] 2024-08-06 14:48:16,483 PackageRelationshipCollection.parseRelationshipsPart() - Parsing relationship: /_rels/.rels
[DEBUG] 2024-08-06 14:48:16,506 PackageRelationshipCollection.parseRelationshipsPart() - Parsing relationship: /xl/_rels/workbook.xml.rels
[DEBUG] 2024-08-06 14:48:16,507 PackageRelationshipCollection.parseRelationshipsPart() - Parsing relationship: /xl/worksheets/_rels/sheet1.xml.rels
[DEBUG] 2024-08-06 14:48:16,508 PackageRelationshipCollection.parseRelationshipsPart() - Parsing relationship: /_rels/.rels
[DEBUG] 2024-08-06 14:48:21,975 PackageRelationshipCollection.parseRelationshipsPart() - Parsing relationship: /xl/_rels/workbook.xml.rels
[DEBUG] 2024-08-06 14:48:21,976 PackageRelationshipCollection.parseRelationshipsPart() - Parsing relationship: /xl/worksheets/_rels/sheet1.xml.rels
[DEBUG] 2024-08-06 14:48:21,977 PackageRelationshipCollection.parseRelationshipsPart() - Parsing relationship: /_rels/.rels
[DEBUG] 2024-08-06 14:48:21,996 PackageRelationshipCollection.parseRelationshipsPart() - Parsing relationship: /xl/_rels/workbook.xml.rels
[DEBUG] 2024-08-06 14:48:21,997 PackageRelationshipCollection.parseRelationshipsPart() - Parsing relationship: /xl/worksheets/_rels/sheet1.xml.rels
[DEBUG] 2024-08-06 14:48:21,998 PackageRelationshipCollection.parseRelationshipsPart() - Parsing relationship: /_rels/.rels
[DEBUG] 2024-08-06 14:48:22,023 PackageRelationshipCollection.parseRelationshipsPart() - Parsing relationship: /xl/_rels/workbook.xml.rels
[DEBUG] 2024-08-06 14:48:22,024 PackageRelationshipCollection.parseRelationshipsPart() - Parsing relationship: /xl/worksheets/_rels/sheet1.xml.rels
[DEBUG] 2024-08-06 14:48:22,024 PackageRelationshipCollection.parseRelationshipsPart() - Parsing relationship: /_rels/.rels
[DEBUG] 2024-08-06 14:48:22,037 PackageRelationshipCollection.parseRelationshipsPart() - Parsing relationship: /xl/_rels/workbook.xml.rels
[DEBUG] 2024-08-06 14:48:22,038 PackageRelationshipCollection.parseRelationshipsPart() - Parsing relationship: /xl/worksheets/_rels/sheet1.xml.rels
[DEBUG] 2024-08-06 14:48:22,039 PackageRelationshipCollection.parseRelationshipsPart() - Parsing relationship: /_rels/.rels
[DEBUG] 2024-08-06 14:48:53,646 PackageRelationshipCollection.parseRelationshipsPart() - Parsing relationship: /xl/_rels/workbook.xml.rels
[DEBUG] 2024-08-06 14:48:53,657 PackageRelationshipCollection.parseRelationshipsPart() - Parsing relationship: /xl/worksheets/_rels/sheet1.xml.rels
[DEBUG] 2024-08-06 14:48:53,660 PackageRelationshipCollection.parseRelationshipsPart() - Parsing relationship: /_rels/.rels
[DEBUG] 2024-08-06 14:48:54,254 PackageRelationshipCollection.parseRelationshipsPart() - Parsing relationship: /xl/_rels/workbook.xml.rels
[DEBUG] 2024-08-06 14:48:54,257 PackageRelationshipCollection.parseRelationshipsPart() - Parsing relationship: /xl/worksheets/_rels/sheet1.xml.rels
[DEBUG] 2024-08-06 14:48:54,258 PackageRelationshipCollection.parseRelationshipsPart() - Parsing relationship: /_rels/.rels
[DEBUG] 2024-08-06 14:48:54,304 PackageRelationshipCollection.parseRelationshipsPart() - Parsing relationship: /xl/_rels/workbook.xml.rels
[DEBUG] 2024-08-06 14:48:54,305 PackageRelationshipCollection.parseRelationshipsPart() - Parsing relationship: /xl/worksheets/_rels/sheet1.xml.rels
[DEBUG] 2024-08-06 14:48:54,307 PackageRelationshipCollection.parseRelationshipsPart() - Parsing relationship: /_rels/.rels
[DEBUG] 2024-08-06 14:48:54,366 PackageRelationshipCollection.parseRelationshipsPart() - Parsing relationship: /xl/_rels/workbook.xml.rels
[DEBUG] 2024-08-06 14:48:54,369 PackageRelationshipCollection.parseRelationshipsPart() - Parsing relationship: /xl/worksheets/_rels/sheet1.xml.rels
[DEBUG] 2024-08-06 14:48:54,371 PackageRelationshipCollection.parseRelationshipsPart() - Parsing relationship: /_rels/.rels
[DEBUG] 2024-08-06 14:48:54,406 PackageRelationshipCollection.parseRelationshipsPart() - Parsing relationship: /xl/_rels/workbook.xml.rels
[DEBUG] 2024-08-06 14:48:54,407 PackageRelationshipCollection.parseRelationshipsPart() - Parsing relationship: /xl/worksheets/_rels/sheet1.xml.rels
[DEBUG] 2024-08-06 14:48:54,408 PackageRelationshipCollection.parseRelationshipsPart() - Parsing relationship: /_rels/.rels
[DEBUG] 2024-08-06 14:48:54,446 PackageRelationshipCollection.parseRelationshipsPart() - Parsing relationship: /xl/_rels/workbook.xml.rels
[DEBUG] 2024-08-06 14:48:54,448 PackageRelationshipCollection.parseRelationshipsPart() - Parsing relationship: /xl/worksheets/_rels/sheet1.xml.rels
[DEBUG] 2024-08-06 14:48:54,449 PackageRelationshipCollection.parseRelationshipsPart() - Parsing relationship: /_rels/.rels
[DEBUG] 2024-08-06 14:48:54,487 PackageRelationshipCollection.parseRelationshipsPart() - Parsing relationship: /xl/_rels/workbook.xml.rels
[DEBUG] 2024-08-06 14:48:54,489 PackageRelationshipCollection.parseRelationshipsPart() - Parsing relationship: /xl/worksheets/_rels/sheet1.xml.rels
[DEBUG] 2024-08-06 14:48:54,490 PackageRelationshipCollection.parseRelationshipsPart() - Parsing relationship: /_rels/.rels
[DEBUG] 2024-08-06 14:48:54,521 PackageRelationshipCollection.parseRelationshipsPart() - Parsing relationship: /xl/_rels/workbook.xml.rels
[DEBUG] 2024-08-06 14:48:54,523 PackageRelationshipCollection.parseRelationshipsPart() - Parsing relationship: /xl/worksheets/_rels/sheet1.xml.rels
[DEBUG] 2024-08-06 14:48:54,526 PackageRelationshipCollection.parseRelationshipsPart() - Parsing relationship: /_rels/.rels
[DEBUG] 2024-08-06 14:48:54,563 PackageRelationshipCollection.parseRelationshipsPart() - Parsing relationship: /xl/_rels/workbook.xml.rels
[DEBUG] 2024-08-06 14:48:54,564 PackageRelationshipCollection.parseRelationshipsPart() - Parsing relationship: /xl/worksheets/_rels/sheet1.xml.rels
[DEBUG] 2024-08-06 14:48:54,565 PackageRelationshipCollection.parseRelationshipsPart() - Parsing relationship: /_rels/.rels
[DEBUG] 2024-08-06 14:48:54,599 PackageRelationshipCollection.parseRelationshipsPart() - Parsing relationship: /xl/_rels/workbook.xml.rels
[DEBUG] 2024-08-06 14:48:54,600 PackageRelationshipCollection.parseRelationshipsPart() - Parsing relationship: /xl/worksheets/_rels/sheet1.xml.rels
[DEBUG] 2024-08-06 14:48:54,601 PackageRelationshipCollection.parseRelationshipsPart() - Parsing relationship: /_rels/.rels
[DEBUG] 2024-08-06 14:48:54,625 PackageRelationshipCollection.parseRelationshipsPart() - Parsing relationship: /xl/_rels/workbook.xml.rels
[DEBUG] 2024-08-06 14:48:54,627 PackageRelationshipCollection.parseRelationshipsPart() - Parsing relationship: /xl/worksheets/_rels/sheet1.xml.rels
[DEBUG] 2024-08-06 14:48:54,628 PackageRelationshipCollection.parseRelationshipsPart() - Parsing relationship: /_rels/.rels
[DEBUG] 2024-08-06 14:48:54,655 PackageRelationshipCollection.parseRelationshipsPart() - Parsing relationship: /xl/_rels/workbook.xml.rels
[DEBUG] 2024-08-06 14:48:54,656 PackageRelationshipCollection.parseRelationshipsPart() - Parsing relationship: /xl/worksheets/_rels/sheet1.xml.rels
[DEBUG] 2024-08-06 14:48:54,657 PackageRelationshipCollection.parseRelationshipsPart() - Parsing relationship: /_rels/.rels
[DEBUG] 2024-08-06 14:48:54,683 PackageRelationshipCollection.parseRelationshipsPart() - Parsing relationship: /xl/_rels/workbook.xml.rels
[DEBUG] 2024-08-06 14:48:54,684 PackageRelationshipCollection.parseRelationshipsPart() - Parsing relationship: /xl/worksheets/_rels/sheet1.xml.rels
[DEBUG] 2024-08-06 14:48:54,685 PackageRelationshipCollection.parseRelationshipsPart() - Parsing relationship: /_rels/.rels
[DEBUG] 2024-08-06 14:48:54,714 PackageRelationshipCollection.parseRelationshipsPart() - Parsing relationship: /xl/_rels/workbook.xml.rels
[DEBUG] 2024-08-06 14:48:54,715 PackageRelationshipCollection.parseRelationshipsPart() - Parsing relationship: /xl/worksheets/_rels/sheet1.xml.rels
[DEBUG] 2024-08-06 14:48:54,715 PackageRelationshipCollection.parseRelationshipsPart() - Parsing relationship: /_rels/.rels
[DEBUG] 2024-08-06 14:48:54,736 PackageRelationshipCollection.parseRelationshipsPart() - Parsing relationship: /xl/_rels/workbook.xml.rels
[DEBUG] 2024-08-06 14:48:54,738 PackageRelationshipCollection.parseRelationshipsPart() - Parsing relationship: /xl/worksheets/_rels/sheet1.xml.rels
[DEBUG] 2024-08-06 14:48:54,739 PackageRelationshipCollection.parseRelationshipsPart() - Parsing relationship: /_rels/.rels
[DEBUG] 2024-08-06 14:48:54,760 PackageRelationshipCollection.parseRelationshipsPart() - Parsing relationship: /xl/_rels/workbook.xml.rels
[DEBUG] 2024-08-06 14:48:54,762 PackageRelationshipCollection.parseRelationshipsPart() - Parsing relationship: /xl/worksheets/_rels/sheet1.xml.rels
[DEBUG] 2024-08-06 14:48:54,763 PackageRelationshipCollection.parseRelationshipsPart() - Parsing relationship: /_rels/.rels
[DEBUG] 2024-08-06 14:48:54,789 PackageRelationshipCollection.parseRelationshipsPart() - Parsing relationship: /xl/_rels/workbook.xml.rels
[DEBUG] 2024-08-06 14:48:54,791 PackageRelationshipCollection.parseRelationshipsPart() - Parsing relationship: /xl/worksheets/_rels/sheet1.xml.rels
[DEBUG] 2024-08-06 14:48:54,793 PackageRelationshipCollection.parseRelationshipsPart() - Parsing relationship: /_rels/.rels
[DEBUG] 2024-08-06 14:48:54,819 PackageRelationshipCollection.parseRelationshipsPart() - Parsing relationship: /xl/_rels/workbook.xml.rels
[DEBUG] 2024-08-06 14:48:54,820 PackageRelationshipCollection.parseRelationshipsPart() - Parsing relationship: /xl/worksheets/_rels/sheet1.xml.rels
[DEBUG] 2024-08-06 14:48:54,822 PackageRelationshipCollection.parseRelationshipsPart() - Parsing relationship: /_rels/.rels
[DEBUG] 2024-08-06 14:48:54,843 PackageRelationshipCollection.parseRelationshipsPart() - Parsing relationship: /xl/_rels/workbook.xml.rels
[DEBUG] 2024-08-06 14:48:54,843 PackageRelationshipCollection.parseRelationshipsPart() - Parsing relationship: /xl/worksheets/_rels/sheet1.xml.rels
[DEBUG] 2024-08-06 14:48:54,844 PackageRelationshipCollection.parseRelationshipsPart() - Parsing relationship: /_rels/.rels
[DEBUG] 2024-08-06 14:48:54,866 PackageRelationshipCollection.parseRelationshipsPart() - Parsing relationship: /xl/_rels/workbook.xml.rels
[DEBUG] 2024-08-06 14:48:54,868 PackageRelationshipCollection.parseRelationshipsPart() - Parsing relationship: /xl/worksheets/_rels/sheet1.xml.rels
[DEBUG] 2024-08-06 14:48:54,869 PackageRelationshipCollection.parseRelationshipsPart() - Parsing relationship: /_rels/.rels
[DEBUG] 2024-08-06 14:48:54,890 PackageRelationshipCollection.parseRelationshipsPart() - Parsing relationship: /xl/_rels/workbook.xml.rels
[DEBUG] 2024-08-06 14:48:54,892 PackageRelationshipCollection.parseRelationshipsPart() - Parsing relationship: /xl/worksheets/_rels/sheet1.xml.rels
[DEBUG] 2024-08-06 14:48:54,894 PackageRelationshipCollection.parseRelationshipsPart() - Parsing relationship: /_rels/.rels
[DEBUG] 2024-08-06 14:48:54,917 PackageRelationshipCollection.parseRelationshipsPart() - Parsing relationship: /xl/_rels/workbook.xml.rels
[DEBUG] 2024-08-06 14:48:54,918 PackageRelationshipCollection.parseRelationshipsPart() - Parsing relationship: /xl/worksheets/_rels/sheet1.xml.rels
[DEBUG] 2024-08-06 14:48:54,920 PackageRelationshipCollection.parseRelationshipsPart() - Parsing relationship: /_rels/.rels
[DEBUG] 2024-08-06 14:48:54,939 PackageRelationshipCollection.parseRelationshipsPart() - Parsing relationship: /xl/_rels/workbook.xml.rels
[DEBUG] 2024-08-06 14:48:54,940 PackageRelationshipCollection.parseRelationshipsPart() - Parsing relationship: /xl/worksheets/_rels/sheet1.xml.rels
[DEBUG] 2024-08-06 14:48:54,941 PackageRelationshipCollection.parseRelationshipsPart() - Parsing relationship: /_rels/.rels
[DEBUG] 2024-08-06 14:48:54,961 PackageRelationshipCollection.parseRelationshipsPart() - Parsing relationship: /xl/_rels/workbook.xml.rels
[DEBUG] 2024-08-06 14:48:54,962 PackageRelationshipCollection.parseRelationshipsPart() - Parsing relationship: /xl/worksheets/_rels/sheet1.xml.rels
[DEBUG] 2024-08-06 14:48:54,964 PackageRelationshipCollection.parseRelationshipsPart() - Parsing relationship: /_rels/.rels
[DEBUG] 2024-08-06 14:48:54,987 PackageRelationshipCollection.parseRelationshipsPart() - Parsing relationship: /xl/_rels/workbook.xml.rels
[DEBUG] 2024-08-06 14:48:54,988 PackageRelationshipCollection.parseRelationshipsPart() - Parsing relationship: /xl/worksheets/_rels/sheet1.xml.rels
[DEBUG] 2024-08-06 14:48:54,988 PackageRelationshipCollection.parseRelationshipsPart() - Parsing relationship: /_rels/.rels
[DEBUG] 2024-08-06 14:48:55,008 PackageRelationshipCollection.parseRelationshipsPart() - Parsing relationship: /xl/_rels/workbook.xml.rels
[DEBUG] 2024-08-06 14:48:55,009 PackageRelationshipCollection.parseRelationshipsPart() - Parsing relationship: /xl/worksheets/_rels/sheet1.xml.rels
[DEBUG] 2024-08-06 14:48:55,011 PackageRelationshipCollection.parseRelationshipsPart() - Parsing relationship: /_rels/.rels
[DEBUG] 2024-08-06 14:49:00,238 PackageRelationshipCollection.parseRelationshipsPart() - Parsing relationship: /xl/_rels/workbook.xml.rels
[DEBUG] 2024-08-06 14:49:00,239 PackageRelationshipCollection.parseRelationshipsPart() - Parsing relationship: /xl/worksheets/_rels/sheet1.xml.rels
[DEBUG] 2024-08-06 14:49:00,240 PackageRelationshipCollection.parseRelationshipsPart() - Parsing relationship: /_rels/.rels
[DEBUG] 2024-08-06 14:49:00,252 PackageRelationshipCollection.parseRelationshipsPart() - Parsing relationship: /xl/_rels/workbook.xml.rels
[DEBUG] 2024-08-06 14:49:00,253 PackageRelationshipCollection.parseRelationshipsPart() - Parsing relationship: /xl/worksheets/_rels/sheet1.xml.rels
[DEBUG] 2024-08-06 14:49:00,254 PackageRelationshipCollection.parseRelationshipsPart() - Parsing relationship: /_rels/.rels
[DEBUG] 2024-08-06 14:49:00,266 PackageRelationshipCollection.parseRelationshipsPart() - Parsing relationship: /xl/_rels/workbook.xml.rels
[DEBUG] 2024-08-06 14:49:00,267 PackageRelationshipCollection.parseRelationshipsPart() - Parsing relationship: /xl/worksheets/_rels/sheet1.xml.rels
[DEBUG] 2024-08-06 14:49:00,267 PackageRelationshipCollection.parseRelationshipsPart() - Parsing relationship: /_rels/.rels
[DEBUG] 2024-08-06 14:49:00,279 PackageRelationshipCollection.parseRelationshipsPart() - Parsing relationship: /xl/_rels/workbook.xml.rels
[DEBUG] 2024-08-06 14:49:00,280 PackageRelationshipCollection.parseRelationshipsPart() - Parsing relationship: /xl/worksheets/_rels/sheet1.xml.rels
[DEBUG] 2024-08-06 14:49:00,281 PackageRelationshipCollection.parseRelationshipsPart() - Parsing relationship: /_rels/.rels
[DEBUG] 2024-08-06 14:49:04,521 PackageRelationshipCollection.parseRelationshipsPart() - Parsing relationship: /xl/_rels/workbook.xml.rels
[DEBUG] 2024-08-06 14:49:04,522 PackageRelationshipCollection.parseRelationshipsPart() - Parsing relationship: /xl/worksheets/_rels/sheet1.xml.rels
[DEBUG] 2024-08-06 14:49:04,523 PackageRelationshipCollection.parseRelationshipsPart() - Parsing relationship: /_rels/.rels
[DEBUG] 2024-08-06 14:49:04,536 PackageRelationshipCollection.parseRelationshipsPart() - Parsing relationship: /xl/_rels/workbook.xml.rels
[DEBUG] 2024-08-06 14:49:04,536 PackageRelationshipCollection.parseRelationshipsPart() - Parsing relationship: /xl/worksheets/_rels/sheet1.xml.rels
[DEBUG] 2024-08-06 14:49:04,537 PackageRelationshipCollection.parseRelationshipsPart() - Parsing relationship: /_rels/.rels
[DEBUG] 2024-08-06 14:49:04,551 PackageRelationshipCollection.parseRelationshipsPart() - Parsing relationship: /xl/_rels/workbook.xml.rels
[DEBUG] 2024-08-06 14:49:04,551 PackageRelationshipCollection.parseRelationshipsPart() - Parsing relationship: /xl/worksheets/_rels/sheet1.xml.rels
[DEBUG] 2024-08-06 14:49:04,552 PackageRelationshipCollection.parseRelationshipsPart() - Parsing relationship: /_rels/.rels
[DEBUG] 2024-08-06 14:49:04,568 PackageRelationshipCollection.parseRelationshipsPart() - Parsing relationship: /xl/_rels/workbook.xml.rels
[DEBUG] 2024-08-06 14:49:04,569 PackageRelationshipCollection.parseRelationshipsPart() - Parsing relationship: /xl/worksheets/_rels/sheet1.xml.rels
[DEBUG] 2024-08-06 14:49:04,569 PackageRelationshipCollection.parseRelationshipsPart() - Parsing relationship: /_rels/.rels
[DEBUG] 2024-08-06 15:02:31,747 PackageRelationshipCollection.parseRelationshipsPart() - Parsing relationship: /xl/_rels/workbook.xml.rels
[DEBUG] 2024-08-06 15:02:31,763 PackageRelationshipCollection.parseRelationshipsPart() - Parsing relationship: /xl/worksheets/_rels/sheet1.xml.rels
[DEBUG] 2024-08-06 15:02:31,763 PackageRelationshipCollection.parseRelationshipsPart() - Parsing relationship: /_rels/.rels
[DEBUG] 2024-08-06 15:02:32,458 PackageRelationshipCollection.parseRelationshipsPart() - Parsing relationship: /xl/_rels/workbook.xml.rels
[DEBUG] 2024-08-06 15:02:32,458 PackageRelationshipCollection.parseRelationshipsPart() - Parsing relationship: /xl/worksheets/_rels/sheet1.xml.rels
[DEBUG] 2024-08-06 15:02:32,458 PackageRelationshipCollection.parseRelationshipsPart() - Parsing relationship: /_rels/.rels
[DEBUG] 2024-08-06 15:02:32,506 PackageRelationshipCollection.parseRelationshipsPart() - Parsing relationship: /xl/_rels/workbook.xml.rels
[DEBUG] 2024-08-06 15:02:32,506 PackageRelationshipCollection.parseRelationshipsPart() - Parsing relationship: /xl/worksheets/_rels/sheet1.xml.rels
[DEBUG] 2024-08-06 15:02:32,506 PackageRelationshipCollection.parseRelationshipsPart() - Parsing relationship: /_rels/.rels
[DEBUG] 2024-08-06 15:02:32,569 PackageRelationshipCollection.parseRelationshipsPart() - Parsing relationship: /xl/_rels/workbook.xml.rels
[DEBUG] 2024-08-06 15:02:32,569 PackageRelationshipCollection.parseRelationshipsPart() - Parsing relationship: /xl/worksheets/_rels/sheet1.xml.rels
[DEBUG] 2024-08-06 15:02:32,569 PackageRelationshipCollection.parseRelationshipsPart() - Parsing relationship: /_rels/.rels
[DEBUG] 2024-08-06 15:02:32,600 PackageRelationshipCollection.parseRelationshipsPart() - Parsing relationship: /xl/_rels/workbook.xml.rels
[DEBUG] 2024-08-06 15:02:32,600 PackageRelationshipCollection.parseRelationshipsPart() - Parsing relationship: /xl/worksheets/_rels/sheet1.xml.rels
[DEBUG] 2024-08-06 15:02:32,600 PackageRelationshipCollection.parseRelationshipsPart() - Parsing relationship: /_rels/.rels
[DEBUG] 2024-08-06 15:02:32,632 PackageRelationshipCollection.parseRelationshipsPart() - Parsing relationship: /xl/_rels/workbook.xml.rels
[DEBUG] 2024-08-06 15:02:32,632 PackageRelationshipCollection.parseRelationshipsPart() - Parsing relationship: /xl/worksheets/_rels/sheet1.xml.rels
[DEBUG] 2024-08-06 15:02:32,632 PackageRelationshipCollection.parseRelationshipsPart() - Parsing relationship: /_rels/.rels
[DEBUG] 2024-08-06 15:02:32,696 PackageRelationshipCollection.parseRelationshipsPart() - Parsing relationship: /xl/_rels/workbook.xml.rels
[DEBUG] 2024-08-06 15:02:32,696 PackageRelationshipCollection.parseRelationshipsPart() - Parsing relationship: /xl/worksheets/_rels/sheet1.xml.rels
[DEBUG] 2024-08-06 15:02:32,696 PackageRelationshipCollection.parseRelationshipsPart() - Parsing relationship: /_rels/.rels
[DEBUG] 2024-08-06 15:02:32,711 PackageRelationshipCollection.parseRelationshipsPart() - Parsing relationship: /xl/_rels/workbook.xml.rels
[DEBUG] 2024-08-06 15:02:32,727 PackageRelationshipCollection.parseRelationshipsPart() - Parsing relationship: /xl/worksheets/_rels/sheet1.xml.rels
[DEBUG] 2024-08-06 15:02:32,727 PackageRelationshipCollection.parseRelationshipsPart() - Parsing relationship: /_rels/.rels
[DEBUG] 2024-08-06 15:02:32,759 PackageRelationshipCollection.parseRelationshipsPart() - Parsing relationship: /xl/_rels/workbook.xml.rels
[DEBUG] 2024-08-06 15:02:32,759 PackageRelationshipCollection.parseRelationshipsPart() - Parsing relationship: /xl/worksheets/_rels/sheet1.xml.rels
[DEBUG] 2024-08-06 15:02:32,759 PackageRelationshipCollection.parseRelationshipsPart() - Parsing relationship: /_rels/.rels
[DEBUG] 2024-08-06 15:02:32,790 PackageRelationshipCollection.parseRelationshipsPart() - Parsing relationship: /xl/_rels/workbook.xml.rels
[DEBUG] 2024-08-06 15:02:32,790 PackageRelationshipCollection.parseRelationshipsPart() - Parsing relationship: /xl/worksheets/_rels/sheet1.xml.rels
[DEBUG] 2024-08-06 15:02:32,790 PackageRelationshipCollection.parseRelationshipsPart() - Parsing relationship: /_rels/.rels
[DEBUG] 2024-08-06 15:02:32,822 PackageRelationshipCollection.parseRelationshipsPart() - Parsing relationship: /xl/_rels/workbook.xml.rels
[DEBUG] 2024-08-06 15:02:32,822 PackageRelationshipCollection.parseRelationshipsPart() - Parsing relationship: /xl/worksheets/_rels/sheet1.xml.rels
[DEBUG] 2024-08-06 15:02:32,822 PackageRelationshipCollection.parseRelationshipsPart() - Parsing relationship: /_rels/.rels
[DEBUG] 2024-08-06 15:02:32,838 PackageRelationshipCollection.parseRelationshipsPart() - Parsing relationship: /xl/_rels/workbook.xml.rels
[DEBUG] 2024-08-06 15:02:32,838 PackageRelationshipCollection.parseRelationshipsPart() - Parsing relationship: /xl/worksheets/_rels/sheet1.xml.rels
[DEBUG] 2024-08-06 15:02:32,838 PackageRelationshipCollection.parseRelationshipsPart() - Parsing relationship: /_rels/.rels
[DEBUG] 2024-08-06 15:02:32,869 PackageRelationshipCollection.parseRelationshipsPart() - Parsing relationship: /xl/_rels/workbook.xml.rels
[DEBUG] 2024-08-06 15:02:32,869 PackageRelationshipCollection.parseRelationshipsPart() - Parsing relationship: /xl/worksheets/_rels/sheet1.xml.rels
[DEBUG] 2024-08-06 15:02:32,869 PackageRelationshipCollection.parseRelationshipsPart() - Parsing relationship: /_rels/.rels
[DEBUG] 2024-08-06 15:02:32,900 PackageRelationshipCollection.parseRelationshipsPart() - Parsing relationship: /xl/_rels/workbook.xml.rels
[DEBUG] 2024-08-06 15:02:32,900 PackageRelationshipCollection.parseRelationshipsPart() - Parsing relationship: /xl/worksheets/_rels/sheet1.xml.rels
[DEBUG] 2024-08-06 15:02:32,900 PackageRelationshipCollection.parseRelationshipsPart() - Parsing relationship: /_rels/.rels
[DEBUG] 2024-08-06 15:02:32,932 PackageRelationshipCollection.parseRelationshipsPart() - Parsing relationship: /xl/_rels/workbook.xml.rels
[DEBUG] 2024-08-06 15:02:32,932 PackageRelationshipCollection.parseRelationshipsPart() - Parsing relationship: /xl/worksheets/_rels/sheet1.xml.rels
[DEBUG] 2024-08-06 15:02:32,932 PackageRelationshipCollection.parseRelationshipsPart() - Parsing relationship: /_rels/.rels
[DEBUG] 2024-08-06 15:02:32,948 PackageRelationshipCollection.parseRelationshipsPart() - Parsing relationship: /xl/_rels/workbook.xml.rels
[DEBUG] 2024-08-06 15:02:32,964 PackageRelationshipCollection.parseRelationshipsPart() - Parsing relationship: /xl/worksheets/_rels/sheet1.xml.rels
[DEBUG] 2024-08-06 15:02:32,964 PackageRelationshipCollection.parseRelationshipsPart() - Parsing relationship: /_rels/.rels
[DEBUG] 2024-08-06 15:02:32,996 PackageRelationshipCollection.parseRelationshipsPart() - Parsing relationship: /xl/_rels/workbook.xml.rels
[DEBUG] 2024-08-06 15:02:32,996 PackageRelationshipCollection.parseRelationshipsPart() - Parsing relationship: /xl/worksheets/_rels/sheet1.xml.rels
[DEBUG] 2024-08-06 15:02:32,996 PackageRelationshipCollection.parseRelationshipsPart() - Parsing relationship: /_rels/.rels
[DEBUG] 2024-08-06 15:02:33,027 PackageRelationshipCollection.parseRelationshipsPart() - Parsing relationship: /xl/_rels/workbook.xml.rels
[DEBUG] 2024-08-06 15:02:33,027 PackageRelationshipCollection.parseRelationshipsPart() - Parsing relationship: /xl/worksheets/_rels/sheet1.xml.rels
[DEBUG] 2024-08-06 15:02:33,027 PackageRelationshipCollection.parseRelationshipsPart() - Parsing relationship: /_rels/.rels
[DEBUG] 2024-08-06 15:02:33,059 PackageRelationshipCollection.parseRelationshipsPart() - Parsing relationship: /xl/_rels/workbook.xml.rels
[DEBUG] 2024-08-06 15:02:33,059 PackageRelationshipCollection.parseRelationshipsPart() - Parsing relationship: /xl/worksheets/_rels/sheet1.xml.rels
[DEBUG] 2024-08-06 15:02:33,059 PackageRelationshipCollection.parseRelationshipsPart() - Parsing relationship: /_rels/.rels
[DEBUG] 2024-08-06 15:02:33,075 PackageRelationshipCollection.parseRelationshipsPart() - Parsing relationship: /xl/_rels/workbook.xml.rels
[DEBUG] 2024-08-06 15:02:33,075 PackageRelationshipCollection.parseRelationshipsPart() - Parsing relationship: /xl/worksheets/_rels/sheet1.xml.rels
[DEBUG] 2024-08-06 15:02:33,075 PackageRelationshipCollection.parseRelationshipsPart() - Parsing relationship: /_rels/.rels
[DEBUG] 2024-08-06 15:02:33,107 PackageRelationshipCollection.parseRelationshipsPart() - Parsing relationship: /xl/_rels/workbook.xml.rels
[DEBUG] 2024-08-06 15:02:33,123 PackageRelationshipCollection.parseRelationshipsPart() - Parsing relationship: /xl/worksheets/_rels/sheet1.xml.rels
[DEBUG] 2024-08-06 15:02:33,123 PackageRelationshipCollection.parseRelationshipsPart() - Parsing relationship: /_rels/.rels
[DEBUG] 2024-08-06 15:02:33,138 PackageRelationshipCollection.parseRelationshipsPart() - Parsing relationship: /xl/_rels/workbook.xml.rels
[DEBUG] 2024-08-06 15:02:33,138 PackageRelationshipCollection.parseRelationshipsPart() - Parsing relationship: /xl/worksheets/_rels/sheet1.xml.rels
[DEBUG] 2024-08-06 15:02:33,138 PackageRelationshipCollection.parseRelationshipsPart() - Parsing relationship: /_rels/.rels
[DEBUG] 2024-08-06 15:02:33,170 PackageRelationshipCollection.parseRelationshipsPart() - Parsing relationship: /xl/_rels/workbook.xml.rels
[DEBUG] 2024-08-06 15:02:33,170 PackageRelationshipCollection.parseRelationshipsPart() - Parsing relationship: /xl/worksheets/_rels/sheet1.xml.rels
[DEBUG] 2024-08-06 15:02:33,170 PackageRelationshipCollection.parseRelationshipsPart() - Parsing relationship: /_rels/.rels
[DEBUG] 2024-08-06 15:02:33,185 PackageRelationshipCollection.parseRelationshipsPart() - Parsing relationship: /xl/_rels/workbook.xml.rels
[DEBUG] 2024-08-06 15:02:33,185 PackageRelationshipCollection.parseRelationshipsPart() - Parsing relationship: /xl/worksheets/_rels/sheet1.xml.rels
[DEBUG] 2024-08-06 15:02:33,185 PackageRelationshipCollection.parseRelationshipsPart() - Parsing relationship: /_rels/.rels
[DEBUG] 2024-08-06 15:02:33,217 PackageRelationshipCollection.parseRelationshipsPart() - Parsing relationship: /xl/_rels/workbook.xml.rels
[DEBUG] 2024-08-06 15:02:33,217 PackageRelationshipCollection.parseRelationshipsPart() - Parsing relationship: /xl/worksheets/_rels/sheet1.xml.rels
[DEBUG] 2024-08-06 15:02:33,217 PackageRelationshipCollection.parseRelationshipsPart() - Parsing relationship: /_rels/.rels
[DEBUG] 2024-08-06 15:02:33,233 PackageRelationshipCollection.parseRelationshipsPart() - Parsing relationship: /xl/_rels/workbook.xml.rels
[DEBUG] 2024-08-06 15:02:33,233 PackageRelationshipCollection.parseRelationshipsPart() - Parsing relationship: /xl/worksheets/_rels/sheet1.xml.rels
[DEBUG] 2024-08-06 15:02:33,233 PackageRelationshipCollection.parseRelationshipsPart() - Parsing relationship: /_rels/.rels
[DEBUG] 2024-08-06 15:02:38,737 PackageRelationshipCollection.parseRelationshipsPart() - Parsing relationship: /xl/_rels/workbook.xml.rels
[DEBUG] 2024-08-06 15:02:38,737 PackageRelationshipCollection.parseRelationshipsPart() - Parsing relationship: /xl/worksheets/_rels/sheet1.xml.rels
[DEBUG] 2024-08-06 15:02:38,737 PackageRelationshipCollection.parseRelationshipsPart() - Parsing relationship: /_rels/.rels
[DEBUG] 2024-08-06 15:02:38,753 PackageRelationshipCollection.parseRelationshipsPart() - Parsing relationship: /xl/_rels/workbook.xml.rels
[DEBUG] 2024-08-06 15:02:38,753 PackageRelationshipCollection.parseRelationshipsPart() - Parsing relationship: /xl/worksheets/_rels/sheet1.xml.rels
[DEBUG] 2024-08-06 15:02:38,753 PackageRelationshipCollection.parseRelationshipsPart() - Parsing relationship: /_rels/.rels
[DEBUG] 2024-08-06 15:02:38,768 PackageRelationshipCollection.parseRelationshipsPart() - Parsing relationship: /xl/_rels/workbook.xml.rels
[DEBUG] 2024-08-06 15:02:38,768 PackageRelationshipCollection.parseRelationshipsPart() - Parsing relationship: /xl/worksheets/_rels/sheet1.xml.rels
[DEBUG] 2024-08-06 15:02:38,768 PackageRelationshipCollection.parseRelationshipsPart() - Parsing relationship: /_rels/.rels
[DEBUG] 2024-08-06 15:02:38,784 PackageRelationshipCollection.parseRelationshipsPart() - Parsing relationship: /xl/_rels/workbook.xml.rels
[DEBUG] 2024-08-06 15:02:38,784 PackageRelationshipCollection.parseRelationshipsPart() - Parsing relationship: /xl/worksheets/_rels/sheet1.xml.rels
[DEBUG] 2024-08-06 15:02:38,784 PackageRelationshipCollection.parseRelationshipsPart() - Parsing relationship: /_rels/.rels
[DEBUG] 2024-08-06 15:02:42,526 PackageRelationshipCollection.parseRelationshipsPart() - Parsing relationship: /xl/_rels/workbook.xml.rels
[DEBUG] 2024-08-06 15:02:42,526 PackageRelationshipCollection.parseRelationshipsPart() - Parsing relationship: /xl/worksheets/_rels/sheet1.xml.rels
[DEBUG] 2024-08-06 15:02:42,526 PackageRelationshipCollection.parseRelationshipsPart() - Parsing relationship: /_rels/.rels
[DEBUG] 2024-08-06 15:02:42,542 PackageRelationshipCollection.parseRelationshipsPart() - Parsing relationship: /xl/_rels/workbook.xml.rels
[DEBUG] 2024-08-06 15:02:42,542 PackageRelationshipCollection.parseRelationshipsPart() - Parsing relationship: /xl/worksheets/_rels/sheet1.xml.rels
[DEBUG] 2024-08-06 15:02:42,542 PackageRelationshipCollection.parseRelationshipsPart() - Parsing relationship: /_rels/.rels
[DEBUG] 2024-08-06 15:02:42,558 PackageRelationshipCollection.parseRelationshipsPart() - Parsing relationship: /xl/_rels/workbook.xml.rels
[DEBUG] 2024-08-06 15:02:42,558 PackageRelationshipCollection.parseRelationshipsPart() - Parsing relationship: /xl/worksheets/_rels/sheet1.xml.rels
[DEBUG] 2024-08-06 15:02:42,558 PackageRelationshipCollection.parseRelationshipsPart() - Parsing relationship: /_rels/.rels
[DEBUG] 2024-08-06 15:02:42,573 PackageRelationshipCollection.parseRelationshipsPart() - Parsing relationship: /xl/_rels/workbook.xml.rels
[DEBUG] 2024-08-06 15:02:42,573 PackageRelationshipCollection.parseRelationshipsPart() - Parsing relationship: /xl/worksheets/_rels/sheet1.xml.rels
[DEBUG] 2024-08-06 15:02:42,573 PackageRelationshipCollection.parseRelationshipsPart() - Parsing relationship: /_rels/.rels
[DEBUG] 2024-08-06 15:06:57,094 PackageRelationshipCollection.parseRelationshipsPart() - Parsing relationship: /xl/_rels/workbook.xml.rels
[DEBUG] 2024-08-06 15:06:57,110 PackageRelationshipCollection.parseRelationshipsPart() - Parsing relationship: /xl/worksheets/_rels/sheet1.xml.rels
[DEBUG] 2024-08-06 15:06:57,110 PackageRelationshipCollection.parseRelationshipsPart() - Parsing relationship: /_rels/.rels
[DEBUG] 2024-08-06 15:06:57,765 PackageRelationshipCollection.parseRelationshipsPart() - Parsing relationship: /xl/_rels/workbook.xml.rels
[DEBUG] 2024-08-06 15:06:57,768 PackageRelationshipCollection.parseRelationshipsPart() - Parsing relationship: /xl/worksheets/_rels/sheet1.xml.rels
[DEBUG] 2024-08-06 15:06:57,769 PackageRelationshipCollection.parseRelationshipsPart() - Parsing relationship: /_rels/.rels
[DEBUG] 2024-08-06 15:06:57,812 PackageRelationshipCollection.parseRelationshipsPart() - Parsing relationship: /xl/_rels/workbook.xml.rels
[DEBUG] 2024-08-06 15:06:57,814 PackageRelationshipCollection.parseRelationshipsPart() - Parsing relationship: /xl/worksheets/_rels/sheet1.xml.rels
[DEBUG] 2024-08-06 15:06:57,816 PackageRelationshipCollection.parseRelationshipsPart() - Parsing relationship: /_rels/.rels
[DEBUG] 2024-08-06 15:06:57,897 PackageRelationshipCollection.parseRelationshipsPart() - Parsing relationship: /xl/_rels/workbook.xml.rels
[DEBUG] 2024-08-06 15:06:57,898 PackageRelationshipCollection.parseRelationshipsPart() - Parsing relationship: /xl/worksheets/_rels/sheet1.xml.rels
[DEBUG] 2024-08-06 15:06:57,899 PackageRelationshipCollection.parseRelationshipsPart() - Parsing relationship: /_rels/.rels
[DEBUG] 2024-08-06 15:06:57,943 PackageRelationshipCollection.parseRelationshipsPart() - Parsing relationship: /xl/_rels/workbook.xml.rels
[DEBUG] 2024-08-06 15:06:57,945 PackageRelationshipCollection.parseRelationshipsPart() - Parsing relationship: /xl/worksheets/_rels/sheet1.xml.rels
[DEBUG] 2024-08-06 15:06:57,946 PackageRelationshipCollection.parseRelationshipsPart() - Parsing relationship: /_rels/.rels
[DEBUG] 2024-08-06 15:06:57,986 PackageRelationshipCollection.parseRelationshipsPart() - Parsing relationship: /xl/_rels/workbook.xml.rels
[DEBUG] 2024-08-06 15:06:57,987 PackageRelationshipCollection.parseRelationshipsPart() - Parsing relationship: /xl/worksheets/_rels/sheet1.xml.rels
[DEBUG] 2024-08-06 15:06:57,988 PackageRelationshipCollection.parseRelationshipsPart() - Parsing relationship: /_rels/.rels
[DEBUG] 2024-08-06 15:06:58,025 PackageRelationshipCollection.parseRelationshipsPart() - Parsing relationship: /xl/_rels/workbook.xml.rels
[DEBUG] 2024-08-06 15:06:58,026 PackageRelationshipCollection.parseRelationshipsPart() - Parsing relationship: /xl/worksheets/_rels/sheet1.xml.rels
[DEBUG] 2024-08-06 15:06:58,028 PackageRelationshipCollection.parseRelationshipsPart() - Parsing relationship: /_rels/.rels
[DEBUG] 2024-08-06 15:06:58,061 PackageRelationshipCollection.parseRelationshipsPart() - Parsing relationship: /xl/_rels/workbook.xml.rels
[DEBUG] 2024-08-06 15:06:58,062 PackageRelationshipCollection.parseRelationshipsPart() - Parsing relationship: /xl/worksheets/_rels/sheet1.xml.rels
[DEBUG] 2024-08-06 15:06:58,064 PackageRelationshipCollection.parseRelationshipsPart() - Parsing relationship: /_rels/.rels
[DEBUG] 2024-08-06 15:06:58,103 PackageRelationshipCollection.parseRelationshipsPart() - Parsing relationship: /xl/_rels/workbook.xml.rels
[DEBUG] 2024-08-06 15:06:58,105 PackageRelationshipCollection.parseRelationshipsPart() - Parsing relationship: /xl/worksheets/_rels/sheet1.xml.rels
[DEBUG] 2024-08-06 15:06:58,108 PackageRelationshipCollection.parseRelationshipsPart() - Parsing relationship: /_rels/.rels
[DEBUG] 2024-08-06 15:06:58,147 PackageRelationshipCollection.parseRelationshipsPart() - Parsing relationship: /xl/_rels/workbook.xml.rels
[DEBUG] 2024-08-06 15:06:58,149 PackageRelationshipCollection.parseRelationshipsPart() - Parsing relationship: /xl/worksheets/_rels/sheet1.xml.rels
[DEBUG] 2024-08-06 15:06:58,150 PackageRelationshipCollection.parseRelationshipsPart() - Parsing relationship: /_rels/.rels
[DEBUG] 2024-08-06 15:06:58,179 PackageRelationshipCollection.parseRelationshipsPart() - Parsing relationship: /xl/_rels/workbook.xml.rels
[DEBUG] 2024-08-06 15:06:58,181 PackageRelationshipCollection.parseRelationshipsPart() - Parsing relationship: /xl/worksheets/_rels/sheet1.xml.rels
[DEBUG] 2024-08-06 15:06:58,182 PackageRelationshipCollection.parseRelationshipsPart() - Parsing relationship: /_rels/.rels
[DEBUG] 2024-08-06 15:06:58,213 PackageRelationshipCollection.parseRelationshipsPart() - Parsing relationship: /xl/_rels/workbook.xml.rels
[DEBUG] 2024-08-06 15:06:58,216 PackageRelationshipCollection.parseRelationshipsPart() - Parsing relationship: /xl/worksheets/_rels/sheet1.xml.rels
[DEBUG] 2024-08-06 15:06:58,218 PackageRelationshipCollection.parseRelationshipsPart() - Parsing relationship: /_rels/.rels
[DEBUG] 2024-08-06 15:06:58,251 PackageRelationshipCollection.parseRelationshipsPart() - Parsing relationship: /xl/_rels/workbook.xml.rels
[DEBUG] 2024-08-06 15:06:58,252 PackageRelationshipCollection.parseRelationshipsPart() - Parsing relationship: /xl/worksheets/_rels/sheet1.xml.rels
[DEBUG] 2024-08-06 15:06:58,254 PackageRelationshipCollection.parseRelationshipsPart() - Parsing relationship: /_rels/.rels
[DEBUG] 2024-08-06 15:06:58,284 PackageRelationshipCollection.parseRelationshipsPart() - Parsing relationship: /xl/_rels/workbook.xml.rels
[DEBUG] 2024-08-06 15:06:58,286 PackageRelationshipCollection.parseRelationshipsPart() - Parsing relationship: /xl/worksheets/_rels/sheet1.xml.rels
[DEBUG] 2024-08-06 15:06:58,287 PackageRelationshipCollection.parseRelationshipsPart() - Parsing relationship: /_rels/.rels
[DEBUG] 2024-08-06 15:06:58,311 PackageRelationshipCollection.parseRelationshipsPart() - Parsing relationship: /xl/_rels/workbook.xml.rels
[DEBUG] 2024-08-06 15:06:58,313 PackageRelationshipCollection.parseRelationshipsPart() - Parsing relationship: /xl/worksheets/_rels/sheet1.xml.rels
[DEBUG] 2024-08-06 15:06:58,314 PackageRelationshipCollection.parseRelationshipsPart() - Parsing relationship: /_rels/.rels
[DEBUG] 2024-08-06 15:06:58,345 PackageRelationshipCollection.parseRelationshipsPart() - Parsing relationship: /xl/_rels/workbook.xml.rels
[DEBUG] 2024-08-06 15:06:58,346 PackageRelationshipCollection.parseRelationshipsPart() - Parsing relationship: /xl/worksheets/_rels/sheet1.xml.rels
[DEBUG] 2024-08-06 15:06:58,347 PackageRelationshipCollection.parseRelationshipsPart() - Parsing relationship: /_rels/.rels
[DEBUG] 2024-08-06 15:06:58,383 PackageRelationshipCollection.parseRelationshipsPart() - Parsing relationship: /xl/_rels/workbook.xml.rels
[DEBUG] 2024-08-06 15:06:58,384 PackageRelationshipCollection.parseRelationshipsPart() - Parsing relationship: /xl/worksheets/_rels/sheet1.xml.rels
[DEBUG] 2024-08-06 15:06:58,385 PackageRelationshipCollection.parseRelationshipsPart() - Parsing relationship: /_rels/.rels
[DEBUG] 2024-08-06 15:06:58,415 PackageRelationshipCollection.parseRelationshipsPart() - Parsing relationship: /xl/_rels/workbook.xml.rels
[DEBUG] 2024-08-06 15:06:58,416 PackageRelationshipCollection.parseRelationshipsPart() - Parsing relationship: /xl/worksheets/_rels/sheet1.xml.rels
[DEBUG] 2024-08-06 15:06:58,417 PackageRelationshipCollection.parseRelationshipsPart() - Parsing relationship: /_rels/.rels
[DEBUG] 2024-08-06 15:06:58,448 PackageRelationshipCollection.parseRelationshipsPart() - Parsing relationship: /xl/_rels/workbook.xml.rels
[DEBUG] 2024-08-06 15:06:58,449 PackageRelationshipCollection.parseRelationshipsPart() - Parsing relationship: /xl/worksheets/_rels/sheet1.xml.rels
[DEBUG] 2024-08-06 15:06:58,450 PackageRelationshipCollection.parseRelationshipsPart() - Parsing relationship: /_rels/.rels
[DEBUG] 2024-08-06 15:06:58,477 PackageRelationshipCollection.parseRelationshipsPart() - Parsing relationship: /xl/_rels/workbook.xml.rels
[DEBUG] 2024-08-06 15:06:58,480 PackageRelationshipCollection.parseRelationshipsPart() - Parsing relationship: /xl/worksheets/_rels/sheet1.xml.rels
[DEBUG] 2024-08-06 15:06:58,481 PackageRelationshipCollection.parseRelationshipsPart() - Parsing relationship: /_rels/.rels
[DEBUG] 2024-08-06 15:06:58,505 PackageRelationshipCollection.parseRelationshipsPart() - Parsing relationship: /xl/_rels/workbook.xml.rels
[DEBUG] 2024-08-06 15:06:58,506 PackageRelationshipCollection.parseRelationshipsPart() - Parsing relationship: /xl/worksheets/_rels/sheet1.xml.rels
